<?xml version="1.0" encoding="UTF-8"?>
<!-- Generated by org.testng.reporters.JUnitReportReporter -->
<testsuite skipped="0" hostname="01HW486224" name="com.tcs.saf.test.HeaderNavValidations" tests="1" failures="0" timestamp="11 Dec 2017 10:56:12 GMT" time="41.768" errors="0">
  <testcase name="sampleTest" time="41.768" classname="com.tcs.saf.test.HeaderNavValidations"/>
</testsuite> <!-- com.tcs.saf.test.HeaderNavValidations -->
