<?xml version="1.0" encoding="UTF-8"?>
<!-- Generated by org.testng.reporters.JUnitReportReporter -->
<testsuite skipped="0" hostname="01HW1074112" name="com.tcs.saf.test.FlightBooking" tests="1" failures="0" timestamp="03 Jul 2020 05:29:22 GMT" time="69.337" errors="0">
  <testcase name="FlightbookingTest" time="69.337" classname="com.tcs.saf.test.FlightBooking"/>
</testsuite> <!-- com.tcs.saf.test.FlightBooking -->
