<?xml version="1.0" encoding="UTF-8"?>
<!-- Generated by org.testng.reporters.JUnitReportReporter -->
<testsuite skipped="0" hostname="01hw443971" name="com.tcs.saf.test.LoginValidation" tests="1" failures="0" timestamp="23 May 2018 09:50:37 GMT" time="33.032" errors="0">
  <testcase name="loginTest" time="33.032" classname="com.tcs.saf.test.LoginValidation"/>
</testsuite> <!-- com.tcs.saf.test.LoginValidation -->
